0 info it worked if it ends with ok
1 verbose cli [ 'C:\\Program Files\\nodejs\\node.exe',
1 verbose cli   'C:\\Program Files\\nodejs\\node_modules\\npm\\bin\\npm-cli.js',
1 verbose cli   'install',
1 verbose cli   'passport-mongo',
1 verbose cli   '--save' ]
2 info using npm@2.14.4
3 info using node@v4.1.1
4 verbose install initial load of C:\Users\Noghs\domManagerWorkspace\dom-manager\package.json
5 warn package.json dom-manager@1.0.0 No repository field.
6 verbose installManyTop reading scoped package data from C:\Users\Noghs\domManagerWorkspace\dom-manager\node_modules\bcrypt-nodejs\package.json
7 verbose installManyTop reading scoped package data from C:\Users\Noghs\domManagerWorkspace\dom-manager\node_modules\body-parser\package.json
8 verbose installManyTop reading scoped package data from C:\Users\Noghs\domManagerWorkspace\dom-manager\node_modules\connect-flash\package.json
9 verbose installManyTop reading scoped package data from C:\Users\Noghs\domManagerWorkspace\dom-manager\node_modules\cookie-parser\package.json
10 verbose installManyTop reading scoped package data from C:\Users\Noghs\domManagerWorkspace\dom-manager\node_modules\debug\package.json
11 verbose installManyTop reading scoped package data from C:\Users\Noghs\domManagerWorkspace\dom-manager\node_modules\ejs\package.json
12 verbose installManyTop reading scoped package data from C:\Users\Noghs\domManagerWorkspace\dom-manager\node_modules\express\package.json
13 verbose installManyTop reading scoped package data from C:\Users\Noghs\domManagerWorkspace\dom-manager\node_modules\express-session\package.json
14 verbose installManyTop reading scoped package data from C:\Users\Noghs\domManagerWorkspace\dom-manager\node_modules\mongoose\package.json
15 verbose installManyTop reading scoped package data from C:\Users\Noghs\domManagerWorkspace\dom-manager\node_modules\morgan\package.json
16 verbose installManyTop reading scoped package data from C:\Users\Noghs\domManagerWorkspace\dom-manager\node_modules\passport\package.json
17 verbose installManyTop reading scoped package data from C:\Users\Noghs\domManagerWorkspace\dom-manager\node_modules\passport-facebook\package.json
18 verbose installManyTop reading scoped package data from C:\Users\Noghs\domManagerWorkspace\dom-manager\node_modules\passport-google-oauth\package.json
19 verbose installManyTop reading scoped package data from C:\Users\Noghs\domManagerWorkspace\dom-manager\node_modules\passport-local\package.json
20 verbose installManyTop reading scoped package data from C:\Users\Noghs\domManagerWorkspace\dom-manager\node_modules\passport-twitter\package.json
21 info package.json bcrypt-nodejs@0.0.3 No license field.
22 info package.json connect-flash@0.1.1 No license field.
23 info package.json passport-facebook@2.0.0 No license field.
24 info package.json passport-google-oauth@0.2.0 No license field.
25 info package.json passport-local@1.0.0 No license field.
26 info package.json passport-twitter@1.0.3 No license field.
27 verbose readDependencies loading dependencies from C:\Users\Noghs\domManagerWorkspace\dom-manager\package.json
28 silly cache add args [ 'passport-mongo', null ]
29 verbose cache add spec passport-mongo
30 silly cache add parsed spec Result {
30 silly cache add   raw: 'passport-mongo',
30 silly cache add   scope: null,
30 silly cache add   name: 'passport-mongo',
30 silly cache add   rawSpec: '',
30 silly cache add   spec: '*',
30 silly cache add   type: 'range' }
31 silly addNamed passport-mongo@*
32 verbose addNamed "*" is a valid semver range for passport-mongo
33 silly addNameRange { name: 'passport-mongo', range: '*', hasData: false }
34 silly mapToRegistry name passport-mongo
35 silly mapToRegistry using default registry
36 silly mapToRegistry registry https://registry.npmjs.org/
37 silly mapToRegistry uri https://registry.npmjs.org/passport-mongo
38 verbose addNameRange registry:https://registry.npmjs.org/passport-mongo not in flight; fetching
39 verbose request uri https://registry.npmjs.org/passport-mongo
40 verbose request no auth needed
41 info attempt registry request try #1 at 5:41:57 PM
42 verbose request id 99839d2b7ee6cfa7
43 http request GET https://registry.npmjs.org/passport-mongo
44 http 404 https://registry.npmjs.org/passport-mongo
45 verbose headers { 'content-type': 'application/json',
45 verbose headers   'cache-control': 'max-age=0',
45 verbose headers   'content-length': '2',
45 verbose headers   'accept-ranges': 'bytes',
45 verbose headers   date: 'Wed, 14 Oct 2015 20:42:01 GMT',
45 verbose headers   via: '1.1 varnish',
45 verbose headers   age: '0',
45 verbose headers   connection: 'keep-alive',
45 verbose headers   'x-served-by': 'cache-atl6227-ATL',
45 verbose headers   'x-cache': 'MISS',
45 verbose headers   'x-cache-hits': '0',
45 verbose headers   'x-timer': 'S1444855321.765274,VS0,VE102' }
46 silly get cb [ 404,
46 silly get   { 'content-type': 'application/json',
46 silly get     'cache-control': 'max-age=0',
46 silly get     'content-length': '2',
46 silly get     'accept-ranges': 'bytes',
46 silly get     date: 'Wed, 14 Oct 2015 20:42:01 GMT',
46 silly get     via: '1.1 varnish',
46 silly get     age: '0',
46 silly get     connection: 'keep-alive',
46 silly get     'x-served-by': 'cache-atl6227-ATL',
46 silly get     'x-cache': 'MISS',
46 silly get     'x-cache-hits': '0',
46 silly get     'x-timer': 'S1444855321.765274,VS0,VE102' } ]
47 verbose stack Error: Registry returned 404 for GET on https://registry.npmjs.org/passport-mongo
47 verbose stack     at makeError (C:\Program Files\nodejs\node_modules\npm\node_modules\npm-registry-client\lib\request.js:263:12)
47 verbose stack     at CachingRegistryClient.<anonymous> (C:\Program Files\nodejs\node_modules\npm\node_modules\npm-registry-client\lib\request.js:241:14)
47 verbose stack     at Request._callback (C:\Program Files\nodejs\node_modules\npm\node_modules\npm-registry-client\lib\request.js:171:14)
47 verbose stack     at Request.self.callback (C:\Program Files\nodejs\node_modules\npm\node_modules\request\request.js:198:22)
47 verbose stack     at emitTwo (events.js:87:13)
47 verbose stack     at Request.emit (events.js:172:7)
47 verbose stack     at Request.<anonymous> (C:\Program Files\nodejs\node_modules\npm\node_modules\request\request.js:1073:14)
47 verbose stack     at emitOne (events.js:82:20)
47 verbose stack     at Request.emit (events.js:169:7)
47 verbose stack     at IncomingMessage.<anonymous> (C:\Program Files\nodejs\node_modules\npm\node_modules\request\request.js:1019:12)
48 verbose statusCode 404
49 verbose pkgid passport-mongo
50 verbose cwd C:\Users\Noghs\domManagerWorkspace\dom-manager\server
51 error Windows_NT 6.1.7601
52 error argv "C:\\Program Files\\nodejs\\node.exe" "C:\\Program Files\\nodejs\\node_modules\\npm\\bin\\npm-cli.js" "install" "passport-mongo" "--save"
53 error node v4.1.1
54 error npm  v2.14.4
55 error code E404
56 error 404 Registry returned 404 for GET on https://registry.npmjs.org/passport-mongo
56 error 404
56 error 404 'passport-mongo' is not in the npm registry.
56 error 404 You should bug the author to publish it (or use the name yourself!)
56 error 404 It was specified as a dependency of 'dom-manager'
56 error 404
56 error 404 Note that you can also install from a
56 error 404 tarball, folder, http url, or git url.
57 verbose exit [ 1, true ]
